<?xml version="1.0" encoding="UTF-8"?>
<testng-results ignored="0" total="1" passed="1" failed="0" skipped="0">
    <reporter-output>
    </reporter-output>
    <suite started-at="2022-12-28T11:55:07Z" name="Default suite" finished-at="2022-12-28T11:55:16Z" duration-ms="8906">
        <groups>
        </groups>
        <test started-at="2022-12-28T11:55:07Z" name="Default test" finished-at="2022-12-28T11:55:16Z"
              duration-ms="8906">
            <class name="com.naveenautomation.tests.NewsletterSubscribtionTest">
                <test-method is-config="true"
                             signature="setUp()[pri:0, instance:com.naveenautomation.tests.NewsletterSubscribtionTest@68df9280]"
                             started-at="2022-12-28T11:55:07Z" name="setUp" finished-at="2022-12-28T11:55:13Z"
                             duration-ms="5353" status="PASS">
                    <reporter-output>
                    </reporter-output>
                </test-method> <!-- setUp -->
                <test-method
                        signature="VerifyUserIsAbleToSignUpSuccessFully()[pri:0, instance:com.naveenautomation.tests.NewsletterSubscribtionTest@68df9280]"
                        started-at="2022-12-28T11:55:13Z" name="VerifyUserIsAbleToSignUpSuccessFully"
                        finished-at="2022-12-28T11:55:15Z" duration-ms="2535" status="PASS">
                    <reporter-output>
                    </reporter-output>
                </test-method> <!-- VerifyUserIsAbleToSignUpSuccessFully -->
                <test-method is-config="true"
                             signature="teardown()[pri:0, instance:com.naveenautomation.tests.NewsletterSubscribtionTest@68df9280]"
                             started-at="2022-12-28T11:55:15Z" name="teardown" finished-at="2022-12-28T11:55:16Z"
                             duration-ms="1000" status="PASS">
                    <reporter-output>
                    </reporter-output>
                </test-method> <!-- teardown -->
            </class> <!-- com.naveenautomation.tests.NewsletterSubscribtionTest -->
        </test> <!-- Default test -->
    </suite> <!-- Default suite -->
</testng-results>
